<?xml version="1.0" encoding="UTF-8"?>
<!-- Generated by org.testng.reporters.JUnitReportReporter -->
<testsuite hostname="LAPTOP-SQ3KM3P2" failures="0" tests="2" name="paralleltestdemo.ParallelTestDemo" time="12.616" errors="0" timestamp="2025-08-20T15:41:49 IST" skipped="0">
  <testcase classname="paralleltestdemo.ParallelTestDemo" name="testChrome" time="4.960"/>
  <system-out/>
  <testcase classname="paralleltestdemo.ParallelTestDemo" name="testfirefox" time="7.656"/>
  <system-out/>
</testsuite> <!-- paralleltestdemo.ParallelTestDemo -->
